<?xml version="1.0" encoding="UTF-8"?>
<coverage generated="1637414220405" clover="3.2.0">
  <project timestamp="1637414220405" name="All files">
    <metrics statements="68" coveredstatements="64" conditionals="34" coveredconditionals="27" methods="11" coveredmethods="11" elements="113" coveredelements="102" complexity="0" loc="68" ncloc="68" packages="3" files="5" classes="5"/>
    <package name="coding">
      <metrics statements="43" coveredstatements="43" conditionals="16" coveredconditionals="16" methods="9" coveredmethods="9"/>
      <file name="atbach.js" path="C:\Users\Andrei_Dzenicenko\EPAM\nodeRS-School\task-1\nodejs-2021Q4\src\coding\atbach.js">
        <metrics statements="9" coveredstatements="9" conditionals="2" coveredconditionals="2" methods="2" coveredmethods="2"/>
        <line num="1" count="1" type="stmt"/>
        <line num="57" count="2" type="stmt"/>
        <line num="60" count="74" type="stmt"/>
        <line num="61" count="74" type="cond" truecount="2" falsecount="0"/>
        <line num="62" count="30" type="stmt"/>
        <line num="63" count="30" type="stmt"/>
        <line num="65" count="44" type="stmt"/>
        <line num="66" count="44" type="stmt"/>
        <line num="72" count="1" type="stmt"/>
      </file>
      <file name="caesarCoding.js" path="C:\Users\Andrei_Dzenicenko\EPAM\nodeRS-School\task-1\nodejs-2021Q4\src\coding\caesarCoding.js">
        <metrics statements="18" coveredstatements="18" conditionals="8" coveredconditionals="8" methods="5" coveredmethods="5"/>
        <line num="1" count="1" type="stmt"/>
        <line num="29" count="1" type="stmt"/>
        <line num="32" count="3" type="stmt"/>
        <line num="33" count="115" type="cond" truecount="2" falsecount="0"/>
        <line num="34" count="60" type="stmt"/>
        <line num="36" count="55" type="stmt"/>
        <line num="39" count="115" type="stmt"/>
        <line num="43" count="60" type="stmt"/>
        <line num="48" count="60" type="cond" truecount="2" falsecount="0"/>
        <line num="49" count="60" type="stmt"/>
        <line num="51" count="60" type="cond" truecount="2" falsecount="0"/>
        <line num="52" count="4" type="stmt"/>
        <line num="54" count="56" type="stmt"/>
        <line num="59" count="60" type="stmt"/>
        <line num="61" count="60" type="cond" truecount="2" falsecount="0"/>
        <line num="62" count="30" type="stmt"/>
        <line num="65" count="60" type="stmt"/>
        <line num="69" count="1" type="stmt"/>
      </file>
      <file name="rot8.js" path="C:\Users\Andrei_Dzenicenko\EPAM\nodeRS-School\task-1\nodejs-2021Q4\src\coding\rot8.js">
        <metrics statements="16" coveredstatements="16" conditionals="6" coveredconditionals="6" methods="2" coveredmethods="2"/>
        <line num="1" count="1" type="stmt"/>
        <line num="2" count="1" type="stmt"/>
        <line num="5" count="3" type="cond" truecount="2" falsecount="0"/>
        <line num="7" count="3" type="stmt"/>
        <line num="10" count="115" type="stmt"/>
        <line num="11" count="115" type="cond" truecount="2" falsecount="0"/>
        <line num="12" count="60" type="cond" truecount="2" falsecount="0"/>
        <line num="13" count="30" type="stmt"/>
        <line num="14" count="30" type="stmt"/>
        <line num="15" count="30" type="stmt"/>
        <line num="17" count="30" type="stmt"/>
        <line num="18" count="30" type="stmt"/>
        <line num="19" count="30" type="stmt"/>
        <line num="22" count="55" type="stmt"/>
        <line num="23" count="55" type="stmt"/>
        <line num="29" count="1" type="stmt"/>
      </file>
    </package>
    <package name="consoleOutput">
      <metrics statements="3" coveredstatements="3" conditionals="0" coveredconditionals="0" methods="1" coveredmethods="1"/>
      <file name="errorOutput.js" path="C:\Users\Andrei_Dzenicenko\EPAM\nodeRS-School\task-1\nodejs-2021Q4\src\consoleOutput\errorOutput.js">
        <metrics statements="3" coveredstatements="3" conditionals="0" coveredconditionals="0" methods="1" coveredmethods="1"/>
        <line num="2" count="2" type="stmt"/>
        <line num="3" count="2" type="stmt"/>
        <line num="6" count="1" type="stmt"/>
      </file>
    </package>
    <package name="handleCLI.helpers">
      <metrics statements="22" coveredstatements="18" conditionals="18" coveredconditionals="11" methods="1" coveredmethods="1"/>
      <file name="parseCLI.js" path="C:\Users\Andrei_Dzenicenko\EPAM\nodeRS-School\task-1\nodejs-2021Q4\src\handleCLI\helpers\parseCLI.js">
        <metrics statements="22" coveredstatements="18" conditionals="18" coveredconditionals="11" methods="1" coveredmethods="1"/>
        <line num="1" count="1" type="stmt"/>
        <line num="5" count="1" type="stmt"/>
        <line num="7" count="1" type="stmt"/>
        <line num="8" count="1" type="stmt"/>
        <line num="10" count="0" type="stmt"/>
        <line num="14" count="3" type="stmt"/>
        <line num="16" count="3" type="cond" truecount="1" falsecount="1"/>
        <line num="17" count="0" type="stmt"/>
        <line num="20" count="3" type="stmt"/>
        <line num="21" count="3" type="stmt"/>
        <line num="26" count="3" type="stmt"/>
        <line num="31" count="3" type="stmt"/>
        <line num="37" count="3" type="cond" truecount="4" falsecount="0"/>
        <line num="38" count="2" type="stmt"/>
        <line num="39" count="1" type="cond" truecount="2" falsecount="2"/>
        <line num="40" count="0" type="stmt"/>
        <line num="41" count="1" type="cond" truecount="2" falsecount="2"/>
        <line num="42" count="0" type="stmt"/>
        <line num="45" count="3" type="stmt"/>
        <line num="46" count="3" type="cond" truecount="1" falsecount="1"/>
        <line num="47" count="3" type="cond" truecount="1" falsecount="1"/>
        <line num="50" count="1" type="stmt"/>
      </file>
    </package>
  </project>
</coverage>
