TN:
SF:src\coding\atbach.js
FN:56,atbach
FN:59,(anonymous_1)
FNF:2
FNH:2
FNDA:2,atbach
FNDA:74,(anonymous_1)
DA:1,1
DA:57,2
DA:60,74
DA:61,74
DA:62,30
DA:63,30
DA:65,44
DA:66,44
DA:72,1
LF:9
LH:9
BRDA:61,0,0,30
BRDA:61,0,1,44
BRF:2
BRH:2
end_of_record
TN:
SF:src\coding\caesarCoding.js
FN:31,caesarCoding
FN:32,(anonymous_1)
FN:42,isUpperCase
FN:46,coding
FN:58,getCodingSymbol
FNF:5
FNH:5
FNDA:3,caesarCoding
FNDA:115,(anonymous_1)
FNDA:60,isUpperCase
FNDA:60,coding
FNDA:60,getCodingSymbol
DA:1,1
DA:29,1
DA:32,3
DA:33,115
DA:34,60
DA:36,55
DA:39,115
DA:43,60
DA:48,60
DA:49,60
DA:51,60
DA:52,4
DA:54,56
DA:59,60
DA:61,60
DA:62,30
DA:65,60
DA:69,1
LF:18
LH:18
BRDA:33,0,0,60
BRDA:33,0,1,55
BRDA:48,1,0,30
BRDA:48,1,1,30
BRDA:51,2,0,4
BRDA:51,2,1,56
BRDA:61,3,0,30
BRDA:61,3,1,30
BRF:8
BRH:8
end_of_record
TN:
SF:src\coding\rot8.js
FN:4,rot8
FN:9,(anonymous_1)
FNF:2
FNH:2
FNDA:3,rot8
FNDA:115,(anonymous_1)
DA:1,1
DA:2,1
DA:5,3
DA:7,3
DA:10,115
DA:11,115
DA:12,60
DA:13,30
DA:14,30
DA:15,30
DA:17,30
DA:18,30
DA:19,30
DA:22,55
DA:23,55
DA:29,1
LF:16
LH:16
BRDA:5,0,0,2
BRDA:5,0,1,1
BRDA:11,1,0,60
BRDA:11,1,1,55
BRDA:12,2,0,30
BRDA:12,2,1,30
BRF:6
BRH:6
end_of_record
TN:
SF:src\consoleOutput\errorOutput.js
FN:1,errorOutput
FNF:1
FNH:1
FNDA:2,errorOutput
DA:2,2
DA:3,2
DA:6,1
LF:3
LH:3
BRF:0
BRH:0
end_of_record
TN:
SF:src\handleCLI\helpers\parseCLI.js
FN:13,parseCLI
FNF:1
FNH:1
FNDA:3,parseCLI
DA:1,1
DA:5,1
DA:7,1
DA:8,1
DA:10,0
DA:14,3
DA:16,3
DA:17,0
DA:20,3
DA:21,3
DA:26,3
DA:31,3
DA:37,3
DA:38,2
DA:39,1
DA:40,0
DA:41,1
DA:42,0
DA:45,3
DA:46,3
DA:47,3
DA:50,1
LF:22
LH:18
BRDA:16,0,0,0
BRDA:16,0,1,3
BRDA:37,1,0,2
BRDA:37,1,1,1
BRDA:37,2,0,3
BRDA:37,2,1,3
BRDA:39,3,0,0
BRDA:39,3,1,1
BRDA:39,4,0,1
BRDA:39,4,1,0
BRDA:41,5,0,0
BRDA:41,5,1,1
BRDA:41,6,0,1
BRDA:41,6,1,0
BRDA:46,7,0,0
BRDA:46,7,1,3
BRDA:47,8,0,0
BRDA:47,8,1,3
BRF:18
BRH:11
end_of_record
